
                       X              Wf             Wps             Wei             Wes               F              ht               h

           0.0000000E+00   0.0000000E+00   0.0000000E+00   0.0000000E+00   0.0000000E+00  -0.0000000E+00   0.0000000E+00   0.0000000E+00
           2.0000000E-02   0.0000000E+00   0.0000000E+00   4.4596118E-33   0.0000000E+00  -2.9889756E-31  -3.3351665E-03  -3.3351665E-03
           3.9999999E-02   0.0000000E+00   4.5329362E-09   1.0076440E-32   1.0691786E-08  -2.8056078E-05  -6.6703330E-03  -6.6703330E-03
           5.9999999E-02   0.0000000E+00   1.0187772E-07   2.5121484E-32   4.5811820E-08  -5.3830277E-05  -1.0005500E-02  -1.0005500E-02
           7.9999998E-02   0.0000000E+00   2.6511972E-07   5.0076165E-32   1.3400704E-07  -1.2492687E-04  -1.3340666E-02  -1.3340666E-02
           1.0000000E-01   0.0000000E+00   6.4398375E-07   5.0673828E-32   2.1582416E-07  -1.5549263E-04  -1.6675834E-02  -1.6675834E-02
           1.2000000E-01   0.0000000E+00   1.1226695E-06   5.1453333E-32   4.2821461E-07  -2.7131525E-04  -2.0011000E-02  -2.0011000E-02
           1.4000000E-01   0.0000000E+00   1.8613906E-06   6.9177760E-32   6.6413770E-07  -3.5219741E-04  -2.3346167E-02  -2.3346167E-02
           1.6000000E-01   0.0000000E+00   2.8887807E-06   7.6224890E-32   9.7513612E-07  -4.6354526E-04  -2.6681332E-02  -2.6681332E-02
           1.8000001E-01   0.0000000E+00   4.1089475E-06   9.2543449E-32   1.4488418E-06  -6.1489327E-04  -3.0016499E-02  -3.0016499E-02
           2.0000000E-01   0.0000000E+00   5.9001850E-06   1.2149348E-31   1.8400751E-06  -7.0699363E-04  -3.3351667E-02  -3.3351667E-02
           2.2000000E-01   0.0000000E+00   7.7948043E-06   1.4542713E-31   2.5814488E-06  -9.1941084E-04  -3.6686834E-02  -3.6686834E-02
           2.3999999E-01   0.0000000E+00   1.0358181E-05   1.7866879E-31   3.2154012E-06  -1.0415551E-03  -4.0022001E-02  -4.0022001E-02
           2.5999999E-01   0.0000000E+00   1.3222215E-05   2.1133536E-31   4.1596022E-06  -1.2650321E-03  -4.3357167E-02  -4.3357167E-02
           2.8000000E-01   0.0000000E+00   1.6531387E-05   2.6356793E-31   5.2816822E-06  -1.4848416E-03  -4.6692334E-02  -4.6692334E-02
           3.0000001E-01   0.0000000E+00   2.0716223E-05   3.2206655E-31   6.2976151E-06  -1.6579420E-03  -5.0027497E-02  -5.0027497E-02
           3.1999999E-01   0.0000000E+00   2.5016705E-05   3.6840658E-31   7.8889407E-06  -1.9594082E-03  -5.3362664E-02  -5.3362664E-02
           3.4000000E-01   0.0000000E+00   3.0536998E-05   3.9379023E-31   9.1126622E-06  -2.1190082E-03  -5.6697831E-02  -5.6697831E-02
           3.6000001E-01   0.0000000E+00   3.6131274E-05   4.6024699E-31   1.1116918E-05  -2.4699704E-03  -6.0032997E-02  -6.0032997E-02
           3.8000000E-01   0.0000000E+00   4.2643624E-05   4.9052956E-31   1.3106631E-05  -2.7416172E-03  -6.3368164E-02  -6.3368164E-02
           4.0000001E-01   0.0000000E+00   5.0161678E-05   5.5685989E-31   1.5126398E-05  -3.0141068E-03  -6.6703334E-02  -6.6703334E-02
           4.1999999E-01   0.0000000E+00   5.7918907E-05   6.2859368E-31   1.7840292E-05  -3.3903948E-03  -7.0038497E-02  -7.0038497E-02
           4.4000000E-01   0.0000000E+00   6.7415996E-05   7.0577856E-31   1.9961613E-05  -3.6093029E-03  -7.3373668E-02  -7.3373668E-02
           4.6000001E-01   0.0000000E+00   7.6714736E-05   7.9686790E-31   2.3353005E-05  -4.0693702E-03  -7.6708831E-02  -7.6708831E-02
           4.7999999E-01   0.0000000E+00   8.7652654E-05   8.7982630E-31   2.6294165E-05  -4.3658079E-03  -8.0044001E-02  -8.0044001E-02
           5.0000000E-01   0.0000000E+00   9.9298704E-05   1.0019446E-30   2.9801027E-05  -4.7695320E-03  -8.3379164E-02  -8.3379164E-02
           5.1999998E-01   0.0000000E+00   1.1161665E-04   1.0827706E-30   3.3840341E-05  -5.2017267E-03  -8.6714335E-02  -8.6714335E-02
           5.4000002E-01   0.0000000E+00   1.2594444E-04   1.1760146E-30   3.7304522E-05  -5.5150073E-03  -9.0049498E-02  -9.0049498E-02
           5.6000000E-01   0.0000000E+00   1.4003020E-04   1.2517283E-30   4.2296630E-05  -6.0534016E-03  -9.3384668E-02  -9.3384668E-02
           5.7999998E-01   0.0000000E+00   1.5663289E-04   1.3810582E-30   4.6258796E-05  -6.3638100E-03  -9.6719831E-02  -9.6719831E-02
           6.0000002E-01   0.0000000E+00   1.7314634E-04   1.4393826E-30   5.1806306E-05  -6.9251303E-03  -1.0005499E-01  -1.0005499E-01
           6.2000000E-01   0.0000000E+00   1.9123213E-04   1.5590639E-30   5.7285175E-05  -7.3906016E-03  -1.0339016E-01  -1.0339016E-01
           6.3999999E-01   0.0000000E+00   2.1121856E-04   1.6794777E-30   6.2562038E-05  -7.8222621E-03  -1.0672533E-01  -1.0672533E-01
           6.6000003E-01   0.0000000E+00   2.3119268E-04   1.7868227E-30   6.9370006E-05  -8.4233005E-03  -1.1006050E-01  -1.1006050E-01
           6.8000001E-01   0.0000000E+00   2.5450866E-04   1.9024898E-30   7.4631265E-05  -8.7689646E-03  -1.1339566E-01  -1.1339566E-01
           6.9999999E-01   0.0000000E+00   2.7680086E-04   2.0267686E-30   8.2616905E-05  -9.4766840E-03  -1.1673083E-01  -1.1673083E-01
           7.2000003E-01   0.0000000E+00   3.0199203E-04   2.2029911E-30   8.9516638E-05  -9.9486141E-03  -1.2006599E-01  -1.2006599E-01
           7.4000001E-01   0.0000000E+00   3.2832794E-04   2.2968127E-30   9.7198797E-05  -1.0529555E-02  -1.2340117E-01  -1.2340117E-01
           7.5999999E-01   0.0000000E+00   3.5539112E-04   2.3485651E-30   1.0593719E-04  -1.1171229E-02  -1.2673633E-01  -1.2673633E-01
           7.7999997E-01   0.0000000E+00   3.8590669E-04   2.4739904E-30   1.1331328E-04  -1.1626030E-02  -1.3007149E-01  -1.3007149E-01
           8.0000001E-01   0.0000000E+00   4.1540386E-04   2.6424314E-30   1.2359208E-04  -1.2399512E-02  -1.3340667E-01  -1.3340667E-01
           8.1999999E-01   0.0000000E+00   4.4907088E-04   2.8217381E-30   1.3182021E-04  -1.2861788E-02  -1.3674183E-01  -1.3674183E-01
           8.3999997E-01   0.0000000E+00   4.8225155E-04   2.9934932E-30   1.4266866E-04  -1.3632063E-02  -1.4007699E-01  -1.4007699E-01
           8.6000001E-01   0.0000000E+00   5.1771064E-04   3.1704805E-30   1.5334332E-04  -1.4289926E-02  -1.4341216E-01  -1.4341216E-01
           8.8000000E-01   0.0000000E+00   5.5612152E-04   3.3295285E-30   1.6342220E-04  -1.4882131E-02  -1.4674734E-01  -1.4674734E-01
           8.9999998E-01   0.0000000E+00   5.9397321E-04   3.4814317E-30   1.7617043E-04  -1.5707526E-02  -1.5008250E-01  -1.5008250E-01
           9.2000002E-01   0.0000000E+00   6.3721533E-04   3.7077447E-30   1.8596819E-04  -1.6180625E-02  -1.5341766E-01  -1.5341766E-01
           9.4000000E-01   0.0000000E+00   6.7806750E-04   3.7675918E-30   2.0048875E-04  -1.7135505E-02  -1.5675282E-01  -1.5675282E-01
           9.5999998E-01   0.0000000E+00   7.2338624E-04   3.9764834E-30   2.1297898E-04  -1.7782608E-02  -1.6008800E-01  -1.6008800E-01
           9.8000002E-01   0.0000000E+00   7.7029935E-04   4.1336415E-30   2.2645066E-04  -1.8540673E-02  -1.6342317E-01  -1.6342317E-01
           1.0000000E+00   0.0000000E+00   8.1782881E-04   4.3053682E-30   2.4167063E-04  -1.9391013E-02  -1.6675833E-01  -1.6675833E-01
           1.0000000E+00   0.0000000E+00   8.1782881E-04   4.3053682E-30   2.4167063E-04  -1.9391013E-02  -1.6675833E-01  -1.6675833E-01
           1.0200000E+00   0.0000000E+00   8.1786857E-04   4.1033969E-30   1.8338476E-04  -1.5651101E-02  -1.6342317E-01  -1.6342317E-01
           1.0400000E+00   0.0000000E+00   8.1792078E-04   3.9232927E-30   1.3737530E-04  -1.1993335E-02  -1.6008800E-01  -1.6008800E-01
           1.0599999E+00   0.0000000E+00   8.1800099E-04   3.7251209E-30   1.0326404E-04  -8.5040545E-03  -1.5675282E-01  -1.5675282E-01





                       X              Wf             Wps             Wei             Wes               F              ht               h

           0.0000000E+00   0.0000000E+00   0.0000000E+00   0.0000000E+00   0.0000000E+00  -0.0000000E+00   0.0000000E+00   0.0000000E+00
           2.0000000E-02   0.0000000E+00   0.0000000E+00   4.4596118E-33   0.0000000E+00  -2.9889756E-31  -3.3351665E-03  -3.3351665E-03
           3.9999999E-02   0.0000000E+00   4.5329362E-09   1.0076440E-32   1.0691786E-08  -2.8056078E-05  -6.6703330E-03  -6.6703330E-03
           5.9999999E-02   0.0000000E+00   1.0187772E-07   2.5121484E-32   4.5811820E-08  -5.3830277E-05  -1.0005500E-02  -1.0005500E-02
           7.9999998E-02   0.0000000E+00   2.6511972E-07   5.0076165E-32   1.3400704E-07  -1.2492687E-04  -1.3340666E-02  -1.3340666E-02
           1.0000000E-01   0.0000000E+00   6.4398375E-07   5.0673828E-32   2.1582416E-07  -1.5549263E-04  -1.6675834E-02  -1.6675834E-02
           1.2000000E-01   0.0000000E+00   1.1226695E-06   5.1453333E-32   4.2821461E-07  -2.7131525E-04  -2.0011000E-02  -2.0011000E-02
           1.4000000E-01   0.0000000E+00   1.8613906E-06   6.9177760E-32   6.6413770E-07  -3.5219741E-04  -2.3346167E-02  -2.3346167E-02
           1.6000000E-01   0.0000000E+00   2.8887807E-06   7.6224890E-32   9.7513612E-07  -4.6354526E-04  -2.6681332E-02  -2.6681332E-02
           1.8000001E-01   0.0000000E+00   4.1089475E-06   9.2543449E-32   1.4488418E-06  -6.1489327E-04  -3.0016499E-02  -3.0016499E-02
           2.0000000E-01   0.0000000E+00   5.9001850E-06   1.2149348E-31   1.8400751E-06  -7.0699363E-04  -3.3351667E-02  -3.3351667E-02
           2.2000000E-01   0.0000000E+00   7.7948043E-06   1.4542713E-31   2.5814488E-06  -9.1941084E-04  -3.6686834E-02  -3.6686834E-02
           2.3999999E-01   0.0000000E+00   1.0358181E-05   1.7866879E-31   3.2154012E-06  -1.0415551E-03  -4.0022001E-02  -4.0022001E-02
           2.5999999E-01   0.0000000E+00   1.3222215E-05   2.1133536E-31   4.1596022E-06  -1.2650321E-03  -4.3357167E-02  -4.3357167E-02
           2.8000000E-01   0.0000000E+00   1.6531387E-05   2.6356793E-31   5.2816822E-06  -1.4848416E-03  -4.6692334E-02  -4.6692334E-02
           3.0000001E-01   0.0000000E+00   2.0716223E-05   3.2206655E-31   6.2976151E-06  -1.6579420E-03  -5.0027497E-02  -5.0027497E-02
           3.1999999E-01   0.0000000E+00   2.5016705E-05   3.6840658E-31   7.8889407E-06  -1.9594082E-03  -5.3362664E-02  -5.3362664E-02
           3.4000000E-01   0.0000000E+00   3.0536998E-05   3.9379023E-31   9.1126622E-06  -2.1190082E-03  -5.6697831E-02  -5.6697831E-02
           3.6000001E-01   0.0000000E+00   3.6131274E-05   4.6024699E-31   1.1116918E-05  -2.4699704E-03  -6.0032997E-02  -6.0032997E-02
           3.8000000E-01   0.0000000E+00   4.2643624E-05   4.9052956E-31   1.3106631E-05  -2.7416172E-03  -6.3368164E-02  -6.3368164E-02
           4.0000001E-01   0.0000000E+00   5.0161678E-05   5.5685989E-31   1.5126398E-05  -3.0141068E-03  -6.6703334E-02  -6.6703334E-02
           4.1999999E-01   0.0000000E+00   5.7918907E-05   6.2859368E-31   1.7840292E-05  -3.3903948E-03  -7.0038497E-02  -7.0038497E-02
           4.4000000E-01   0.0000000E+00   6.7415996E-05   7.0577856E-31   1.9961613E-05  -3.6093029E-03  -7.3373668E-02  -7.3373668E-02
           4.6000001E-01   0.0000000E+00   7.6714736E-05   7.9686790E-31   2.3353005E-05  -4.0693702E-03  -7.6708831E-02  -7.6708831E-02
           4.7999999E-01   0.0000000E+00   8.7652654E-05   8.7982630E-31   2.6294165E-05  -4.3658079E-03  -8.0044001E-02  -8.0044001E-02
           5.0000000E-01   0.0000000E+00   9.9298704E-05   1.0019446E-30   2.9801027E-05  -4.7695320E-03  -8.3379164E-02  -8.3379164E-02
           5.1999998E-01   0.0000000E+00   1.1161665E-04   1.0827706E-30   3.3840341E-05  -5.2017267E-03  -8.6714335E-02  -8.6714335E-02
           5.4000002E-01   0.0000000E+00   1.2594444E-04   1.1760146E-30   3.7304522E-05  -5.5150073E-03  -9.0049498E-02  -9.0049498E-02
           5.6000000E-01   0.0000000E+00   1.4003020E-04   1.2517283E-30   4.2296630E-05  -6.0534016E-03  -9.3384668E-02  -9.3384668E-02
           5.7999998E-01   0.0000000E+00   1.5663289E-04   1.3810582E-30   4.6258796E-05  -6.3638100E-03  -9.6719831E-02  -9.6719831E-02
           6.0000002E-01   0.0000000E+00   1.7314634E-04   1.4393826E-30   5.1806306E-05  -6.9251303E-03  -1.0005499E-01  -1.0005499E-01
           6.2000000E-01   0.0000000E+00   1.9123213E-04   1.5590639E-30   5.7285175E-05  -7.3906016E-03  -1.0339016E-01  -1.0339016E-01
           6.3999999E-01   0.0000000E+00   2.1121856E-04   1.6794777E-30   6.2562038E-05  -7.8222621E-03  -1.0672533E-01  -1.0672533E-01
           6.6000003E-01   0.0000000E+00   2.3119268E-04   1.7868227E-30   6.9370006E-05  -8.4233005E-03  -1.1006050E-01  -1.1006050E-01
           6.8000001E-01   0.0000000E+00   2.5450866E-04   1.9024898E-30   7.4631265E-05  -8.7689646E-03  -1.1339566E-01  -1.1339566E-01
           6.9999999E-01   0.0000000E+00   2.7680086E-04   2.0267686E-30   8.2616905E-05  -9.4766840E-03  -1.1673083E-01  -1.1673083E-01
           7.2000003E-01   0.0000000E+00   3.0199203E-04   2.2029911E-30   8.9516638E-05  -9.9486141E-03  -1.2006599E-01  -1.2006599E-01
           7.4000001E-01   0.0000000E+00   3.2832794E-04   2.2968127E-30   9.7198797E-05  -1.0529555E-02  -1.2340117E-01  -1.2340117E-01
           7.5999999E-01   0.0000000E+00   3.5539112E-04   2.3485651E-30   1.0593719E-04  -1.1171229E-02  -1.2673633E-01  -1.2673633E-01
           7.7999997E-01   0.0000000E+00   3.8590669E-04   2.4739904E-30   1.1331328E-04  -1.1626030E-02  -1.3007149E-01  -1.3007149E-01
           8.0000001E-01   0.0000000E+00   4.1540386E-04   2.6424314E-30   1.2359208E-04  -1.2399512E-02  -1.3340667E-01  -1.3340667E-01
           8.1999999E-01   0.0000000E+00   4.4907088E-04   2.8217381E-30   1.3182021E-04  -1.2861788E-02  -1.3674183E-01  -1.3674183E-01
           8.3999997E-01   0.0000000E+00   4.8225155E-04   2.9934932E-30   1.4266866E-04  -1.3632063E-02  -1.4007699E-01  -1.4007699E-01
           8.6000001E-01   0.0000000E+00   5.1771064E-04   3.1704805E-30   1.5334332E-04  -1.4289926E-02  -1.4341216E-01  -1.4341216E-01
           8.8000000E-01   0.0000000E+00   5.5612152E-04   3.3295285E-30   1.6342220E-04  -1.4882131E-02  -1.4674734E-01  -1.4674734E-01
           8.9999998E-01   0.0000000E+00   5.9397321E-04   3.4814317E-30   1.7617043E-04  -1.5707526E-02  -1.5008250E-01  -1.5008250E-01
           9.2000002E-01   0.0000000E+00   6.3721533E-04   3.7077447E-30   1.8596819E-04  -1.6180625E-02  -1.5341766E-01  -1.5341766E-01
           9.4000000E-01   0.0000000E+00   6.7806750E-04   3.7675918E-30   2.0048875E-04  -1.7135505E-02  -1.5675282E-01  -1.5675282E-01
           9.5999998E-01   0.0000000E+00   7.2338624E-04   3.9764834E-30   2.1297898E-04  -1.7782608E-02  -1.6008800E-01  -1.6008800E-01
           9.8000002E-01   0.0000000E+00   7.7029935E-04   4.1336415E-30   2.2645066E-04  -1.8540673E-02  -1.6342317E-01  -1.6342317E-01
           1.0000000E+00   0.0000000E+00   8.1782881E-04   4.3053682E-30   2.4167063E-04  -1.9391013E-02  -1.6675833E-01  -1.6675833E-01
           1.0000000E+00   0.0000000E+00   8.1782881E-04   4.3053682E-30   2.4167063E-04  -1.9391013E-02  -1.6675833E-01  -1.6675833E-01
           1.0200000E+00   0.0000000E+00   8.1786857E-04   4.1033969E-30   1.8338476E-04  -1.5651101E-02  -1.6342317E-01  -1.6342317E-01
           1.0400000E+00   0.0000000E+00   8.1792078E-04   3.9232927E-30   1.3737530E-04  -1.1993335E-02  -1.6008800E-01  -1.6008800E-01
           1.0599999E+00   0.0000000E+00   8.1800099E-04   3.7251209E-30   1.0326404E-04  -8.5040545E-03  -1.5675282E-01  -1.5675282E-01





                       X              Wf             Wps             Wei             Wes               F              ht               h

           0.0000000E+00   0.0000000E+00   0.0000000E+00   0.0000000E+00   0.0000000E+00  -0.0000000E+00   0.0000000E+00   0.0000000E+00
           2.0000000E-02   0.0000000E+00   0.0000000E+00   4.4596118E-33   0.0000000E+00  -2.9889756E-31  -3.3351665E-03  -3.3351665E-03
           3.9999999E-02   0.0000000E+00   1.5197708E-08   1.0076440E-32   1.8422771E-08  -2.7523602E-05  -6.6703330E-03  -6.6703330E-03
           5.9999999E-02   0.0000000E+00   9.4615714E-08   2.5121484E-32   3.9581828E-08  -3.3097203E-05  -1.0005500E-02  -1.0005500E-02
           7.9999998E-02   0.0000000E+00   1.9809153E-07   5.0076165E-32   1.4254745E-07  -1.4206949E-04  -1.3340666E-02  -1.3340666E-02
           1.0000000E-01   0.0000000E+00   5.9783184E-07   5.0673828E-32   3.0912074E-07  -2.0185097E-04  -1.6675834E-02  -1.6675834E-02
           1.2000000E-01   0.0000000E+00   1.2210843E-06   5.1453333E-32   3.9500105E-07  -2.2563833E-04  -2.0011000E-02  -2.0011000E-02
           1.4000000E-01   0.0000000E+00   1.8173006E-06   6.9177760E-32   6.0791973E-07  -3.1750469E-04  -2.3346167E-02  -2.3346167E-02
           1.6000000E-01   0.0000000E+00   2.7198873E-06   7.6224890E-32   1.0931403E-06  -5.2515836E-04  -2.6681332E-02  -2.6681332E-02
           1.8000001E-01   0.0000000E+00   4.2329129E-06   9.2543449E-32   1.4322159E-06  -5.9169164E-04  -3.0016499E-02  -3.0016499E-02
           2.0000000E-01   0.0000000E+00   5.9590311E-06   1.2149348E-31   1.7636067E-06  -6.4679567E-04  -3.3351667E-02  -3.3351667E-02
           2.2000000E-01   0.0000000E+00   7.5000285E-06   1.4542713E-31   2.8052966E-06  -9.8269386E-04  -3.6686834E-02  -3.6686834E-02
           2.3999999E-01   0.0000000E+00   1.0290486E-05   1.7866879E-31   3.4886896E-06  -1.1124220E-03  -4.0022001E-02  -4.0022001E-02
           2.5999999E-01   0.0000000E+00   1.3496337E-05   2.1133536E-31   4.1270996E-06  -1.2007940E-03  -4.3357167E-02  -4.3357167E-02
           2.8000000E-01   0.0000000E+00   1.6556187E-05   2.6356793E-31   5.2403102E-06  -1.4129453E-03  -4.6692334E-02  -4.6692334E-02
           3.0000001E-01   0.0000000E+00   2.0237414E-05   3.2206655E-31   6.8325476E-06  -1.7708030E-03  -5.0027497E-02  -5.0027497E-02
           3.1999999E-01   0.0000000E+00   2.5254980E-05   3.6840658E-31   7.9246565E-06  -1.9067745E-03  -5.3362664E-02  -5.3362664E-02
           3.4000000E-01   0.0000000E+00   3.0719522E-05   3.9379023E-31   8.9873874E-06  -2.0177444E-03  -5.6697831E-02  -5.6697831E-02
           3.6000001E-01   0.0000000E+00   3.5418841E-05   4.6024699E-31   1.1733260E-05  -2.5558891E-03  -6.0032997E-02  -6.0032997E-02
           3.8000000E-01   0.0000000E+00   4.2568445E-05   4.9052956E-31   1.3426768E-05  -2.7685117E-03  -6.3368164E-02  -6.3368164E-02
           4.0000001E-01   0.0000000E+00   5.0426501E-05   5.5685989E-31   1.5027892E-05  -2.9184408E-03  -6.6703334E-02  -6.6703334E-02
           4.1999999E-01   0.0000000E+00   5.7781741E-05   6.2859368E-31   1.7710821E-05  -3.2762142E-03  -7.0038497E-02  -7.0038497E-02
           4.4000000E-01   0.0000000E+00   6.6187873E-05   7.0577856E-31   2.0994898E-05  -3.7680313E-03  -7.3373668E-02  -7.3373668E-02
           4.6000001E-01   0.0000000E+00   7.6819102E-05   7.9686790E-31   2.3233841E-05  -3.9718514E-03  -7.6708831E-02  -7.6708831E-02
           4.7999999E-01   0.0000000E+00   8.8123532E-05   8.7982630E-31   2.5427707E-05  -4.1393805E-03  -8.0044001E-02  -8.0044001E-02
           5.0000000E-01   0.0000000E+00   9.7702439E-05   1.0019446E-30   3.0746847E-05  -4.8993374E-03  -8.3379164E-02  -8.3379164E-02
           5.1999998E-01   0.0000000E+00   1.1127591E-04   1.0827706E-30   3.3938464E-05  -5.1858616E-03  -8.6714335E-02  -8.6714335E-02
           5.4000002E-01   0.0000000E+00   1.2593632E-04   1.1760146E-30   3.6885216E-05  -5.3947484E-03  -9.0049498E-02  -9.0049498E-02
           5.6000000E-01   0.0000000E+00   1.3919883E-04   1.2517283E-30   4.2118252E-05  -5.9449249E-03  -9.3384668E-02  -9.3384668E-02
           5.7999998E-01   0.0000000E+00   1.5458182E-04   1.3810582E-30   4.7458456E-05  -6.5297280E-03  -9.6719831E-02  -9.6719831E-02
           6.0000002E-01   0.0000000E+00   1.7287492E-04   1.4393826E-30   5.1341682E-05  -6.8000373E-03  -1.0005499E-01  -1.0005499E-01
           6.2000000E-01   0.0000000E+00   1.9208789E-04   1.5590639E-30   5.5144832E-05  -7.0265615E-03  -1.0339016E-01  -1.0339016E-01
           6.3999999E-01   0.0000000E+00   2.0829658E-04   1.6794777E-30   6.3951535E-05  -8.0259899E-03  -1.0672533E-01  -1.0672533E-01
           6.6000003E-01   0.0000000E+00   2.3048477E-04   1.7868227E-30   6.9040128E-05  -8.3722323E-03  -1.1006050E-01  -1.1006050E-01
           6.8000001E-01   0.0000000E+00   2.5402280E-04   1.9024898E-30   7.3822368E-05  -8.6405631E-03  -1.1339566E-01  -1.1339566E-01
           6.9999999E-01   0.0000000E+00   2.7477831E-04   2.0267686E-30   8.2668645E-05  -9.4225015E-03  -1.1673083E-01  -1.1673083E-01
           7.2000003E-01   0.0000000E+00   2.9944809E-04   2.2029911E-30   9.0395442E-05  -1.0065881E-02  -1.2006599E-01  -1.2006599E-01
           7.4000001E-01   0.0000000E+00   3.2752089E-04   2.2968127E-30   9.6384734E-05  -1.0400539E-02  -1.2340117E-01  -1.2340117E-01
           7.5999999E-01   0.0000000E+00   3.5611898E-04   2.3485651E-30   1.0289731E-04  -1.0760835E-02  -1.2673633E-01  -1.2673633E-01
           7.7999997E-01   0.0000000E+00   3.8126262E-04   2.4739904E-30   1.1543356E-04  -1.1900879E-02  -1.3007149E-01  -1.3007149E-01
           8.0000001E-01   0.0000000E+00   4.1411066E-04   2.6424314E-30   1.2288947E-04  -1.2321143E-02  -1.3340667E-01  -1.3340667E-01
           8.1999999E-01   0.0000000E+00   4.4858843E-04   2.8217381E-30   1.2999018E-04  -1.2651760E-02  -1.3674183E-01  -1.3674183E-01
           8.3999997E-01   0.0000000E+00   4.7865676E-04   2.9934932E-30   1.4319872E-04  -1.3655086E-02  -1.4007699E-01  -1.4007699E-01
           8.6000001E-01   0.0000000E+00   5.1463122E-04   3.1704805E-30   1.5382453E-04  -1.4365410E-02  -1.4341216E-01  -1.4341216E-01
           8.8000000E-01   0.0000000E+00   5.5457151E-04   3.3295285E-30   1.6237643E-04  -1.4764726E-02  -1.4674734E-01  -1.4674734E-01
           8.9999998E-01   0.0000000E+00   5.9434900E-04   3.4814317E-30   1.7236469E-04  -1.5273492E-02  -1.5008250E-01  -1.5008250E-01
           9.2000002E-01   0.0000000E+00   6.3051126E-04   3.7077447E-30   1.8911256E-04  -1.6538983E-02  -1.5341766E-01  -1.5341766E-01
           9.4000000E-01   0.0000000E+00   6.7603216E-04   3.7675918E-30   1.9946745E-04  -1.7034002E-02  -1.5675282E-01  -1.5675282E-01
           9.5999998E-01   0.0000000E+00   7.2355155E-04   3.9764834E-30   2.0933035E-04  -1.7426660E-02  -1.6008800E-01  -1.6008800E-01
           9.8000002E-01   0.0000000E+00   7.6461199E-04   4.1336415E-30   2.2780334E-04  -1.8657498E-02  -1.6342317E-01  -1.6342317E-01
           1.0000000E+00   0.0000000E+00   8.1405725E-04   4.3053682E-30   2.4172099E-04  -1.9429933E-02  -1.6675833E-01  -1.6675833E-01
           1.0000000E+00   0.0000000E+00   8.1405725E-04   4.3053682E-30   2.4172099E-04  -1.9429933E-02  -1.6675833E-01  -1.6675833E-01
           1.0200000E+00   0.0000000E+00   8.1409287E-04   4.1033969E-30   1.8329536E-04  -1.5676312E-02  -1.6342317E-01  -1.6342317E-01
           1.0400000E+00   0.0000000E+00   8.1414124E-04   3.9232927E-30   1.3723853E-04  -1.2027883E-02  -1.6008800E-01  -1.6008800E-01
           1.0599999E+00   0.0000000E+00   8.1422349E-04   3.7251209E-30   1.0302893E-04  -8.5278507E-03  -1.5675282E-01  -1.5675282E-01
           1.0800000E+00   0.0000000E+00   8.1435981E-04   3.5220621E-30   7.9969119E-05  -5.3183767E-03  -1.5341766E-01  -1.5341766E-01
           1.1000000E+00   0.0000000E+00   8.1459037E-04   3.3678477E-30   6.6780092E-05  -2.5597734E-03  -1.5008250E-01  -1.5008250E-01
           1.1200000E+00   0.0000000E+00   8.1493589E-04   3.2451600E-30   6.1698411E-05  -4.3036992E-04  -1.4674734E-01  -1.4674734E-01
           1.1400000E+00   0.0000000E+00   8.1510225E-04   3.0736824E-30   6.1323597E-05  -3.0945337E-29  -1.4341216E-01  -1.4341216E-01
           1.1600000E+00   0.0000000E+00   8.1510231E-04   2.9271051E-30   6.1323575E-05  -6.1298583E-29  -1.4007699E-01  -1.4007699E-01
           1.1800001E+00   0.0000000E+00   8.1510231E-04   2.7748208E-30   6.1323582E-05   3.0537154E-30  -1.3674183E-01  -1.3674183E-01
           1.2000000E+00   0.0000000E+00   8.1510231E-04   2.6438314E-30   6.1323582E-05  -3.1497056E-29  -1.3340667E-01  -1.3340667E-01
           1.2200000E+00   0.0000000E+00   8.1510231E-04   2.5443869E-30   6.1323582E-05  -2.2621853E-29  -1.3007149E-01  -1.3007149E-01
           1.2400000E+00   0.0000000E+00   8.1510231E-04   2.4141991E-30   6.1323582E-05  -2.7968475E-29  -1.2673633E-01  -1.2673633E-01
           1.2600000E+00   0.0000000E+00   8.1510231E-04   2.3199641E-30   6.1323582E-05  -2.5228617E-29  -1.2340117E-01  -1.2340117E-01
           1.2800000E+00   0.0000000E+00   8.1510231E-04   2.2952953E-30   6.1323582E-05  -4.3458597E-29  -1.2006599E-01  -1.2006599E-01
           1.3000000E+00   0.0000000E+00   8.1510231E-04   2.2550623E-30   6.1323582E-05  -1.0304703E-29  -1.1673083E-01  -1.1673083E-01
           1.3199999E+00   0.0000000E+00   8.1510231E-04   2.2325122E-30   6.1323582E-05  -9.4611549E-30  -1.1339566E-01  -1.1339566E-01
           1.3400000E+00   0.0000000E+00   8.1510231E-04   2.1708007E-30   6.1323582E-05  -1.6734237E-29  -1.1006050E-01  -1.1006050E-01
           1.3600000E+00   0.0000000E+00   8.1510231E-04   2.0752424E-30   6.1323582E-05  -3.8677127E-30  -1.0672533E-01  -1.0672533E-01
           1.3800000E+00   0.0000000E+00   8.1510231E-04   2.0113590E-30   6.1323582E-05  -1.4485485E-29  -1.0339016E-01  -1.0339016E-01
           1.4000000E+00   0.0000000E+00   8.1510231E-04   1.8763961E-30   6.1323582E-05   9.8239399E-30  -1.0005499E-01  -1.0005499E-01
           1.4200000E+00   0.0000000E+00   8.1510231E-04   1.8767155E-30   6.1323582E-05   1.0060426E-29  -9.6719831E-02  -9.6719831E-02
           1.4400001E+00   0.0000000E+00   8.1510231E-04   1.8472096E-30   6.1323582E-05  -6.5973934E-30  -9.3384668E-02  -9.3384668E-02
           1.4600000E+00   0.0000000E+00   8.1510231E-04   1.7842656E-30   6.1323582E-05  -1.3266874E-29  -9.0049498E-02  -9.0049498E-02
           1.4800000E+00   0.0000000E+00   8.1510231E-04   1.6965643E-30   6.1323582E-05  -1.2565622E-29  -8.6714335E-02  -8.6714335E-02
           1.5000000E+00   0.0000000E+00   8.1510231E-04   1.6772187E-30   6.1323582E-05  -3.7690208E-30  -8.3379164E-02  -8.3379164E-02
           1.5200000E+00   0.0000000E+00   8.1510231E-04   1.6202354E-30   6.1323582E-05  -1.8516276E-29  -8.0044001E-02  -8.0044001E-02
           1.5400000E+00   0.0000000E+00   8.1510231E-04   1.5980735E-30   6.1323582E-05  -2.0271833E-29  -7.6708831E-02  -7.6708831E-02
           1.5599999E+00   0.0000000E+00   8.1510231E-04   1.5770839E-30   6.1323582E-05  -1.2489054E-29  -7.3373668E-02  -7.3373668E-02
           1.5799999E+00   0.0000000E+00   8.1510231E-04   1.5565227E-30   6.1323582E-05  -1.0785184E-29  -7.0038497E-02  -7.0038497E-02
           1.6000000E+00   0.0000000E+00   8.1510231E-04   1.5096338E-30   6.1323582E-05  -1.6178064E-29  -6.6703334E-02  -6.6703334E-02
           1.6200000E+00   0.0000000E+00   8.1510231E-04   1.4655653E-30   6.1323582E-05  -1.2946258E-29  -6.3368164E-02  -6.3368164E-02
           1.6400000E+00   0.0000000E+00   8.1510231E-04   1.4701039E-30   6.1323582E-05  -5.0785810E-30  -6.0032997E-02  -6.0032997E-02
           1.6600001E+00   0.0000000E+00   8.1510231E-04   1.4854154E-30   6.1323582E-05   1.8346318E-30  -5.6697831E-02  -5.6697831E-02
           1.6800001E+00   0.0000000E+00   8.1510231E-04   1.4977527E-30   6.1323582E-05   2.0580758E-29  -5.3362664E-02  -5.3362664E-02
           1.7000000E+00   0.0000000E+00   8.1510231E-04   1.5166113E-30   6.1323582E-05   2.9789863E-30  -5.0027497E-02  -5.0027497E-02
           1.7200000E+00   0.0000000E+00   8.1510231E-04   1.5569031E-30   6.1323582E-05  -5.8995237E-30  -4.6692334E-02  -4.6692334E-02
           1.7400000E+00   0.0000000E+00   8.1510231E-04   1.5611174E-30   6.1323582E-05  -4.6701334E-30  -4.3357167E-02  -4.3357167E-02
           1.7600000E+00   0.0000000E+00   8.1510231E-04   1.5292977E-30   6.1323582E-05  -2.5874658E-30  -4.0022001E-02  -4.0022001E-02
           1.7800000E+00   0.0000000E+00   8.1510231E-04   1.5913871E-30   6.1323582E-05   1.0200030E-29  -3.6686834E-02  -3.6686834E-02
           1.8000000E+00   0.0000000E+00   8.1510231E-04   1.6550511E-30   6.1323582E-05   1.0935150E-29  -3.3351667E-02  -3.3351667E-02
           1.8199999E+00   0.0000000E+00   8.1510231E-04   1.7188246E-30   6.1323582E-05   2.9535237E-29  -3.0016499E-02  -3.0016499E-02
           1.8399999E+00   0.0000000E+00   8.1510231E-04   1.7539149E-30   6.1323582E-05  -1.8275011E-29  -2.6681332E-02  -2.6681332E-02
           1.8600000E+00   0.0000000E+00   8.1510231E-04   1.7658099E-30   6.1323582E-05   2.4806255E-29  -2.3346167E-02  -2.3346167E-02
           1.8800000E+00   0.0000000E+00   8.1510231E-04   1.7645406E-30   6.1323582E-05   3.1667085E-29  -2.0011000E-02  -2.0011000E-02
           1.9000000E+00   0.0000000E+00   8.1510231E-04   1.8127178E-30   6.1323582E-05   1.6567117E-29  -1.6675834E-02  -1.6675834E-02
           1.9200001E+00   0.0000000E+00   8.1510231E-04   1.8401204E-30   6.1323582E-05  -6.8485557E-30  -1.3340666E-02  -1.3340666E-02
           1.9400001E+00   0.0000000E+00   8.1510231E-04   1.8281614E-30   6.1323582E-05  -6.4231870E-30  -1.0005500E-02  -1.0005500E-02
           1.9600000E+00   0.0000000E+00   8.1510231E-04   1.8843669E-30   6.1323582E-05  -8.9283795E-30  -6.6703330E-03  -6.6703330E-03
           1.9800000E+00   0.0000000E+00   8.1510231E-04   1.9344509E-30   6.1323582E-05  -2.1101819E-29  -3.3351665E-03  -3.3351665E-03
           2.0000000E+00   0.0000000E+00   8.1510231E-04   1.9959841E-30   6.1323582E-05   5.6464813E-30   0.0000000E+00   0.0000000E+00




