
                  X               XYData-1    

                0.                 0.         
               20.E-03             0.         
               40.E-03           -10.5673E-06 
               60.E-03           -12.6679E-06 
               80.E-03           -54.5088E-06 
              100.E-03           -77.2639E-06 
              120.E-03           -86.1861E-06 
              140.E-03          -120.948E-06  
              160.E-03          -200.031E-06  
              180.E-03          -224.51E-06   
              200.E-03          -244.332E-06  
              220.E-03          -371.283E-06  
              240.E-03          -418.58E-06   
              260.E-03          -449.008E-06  
              280.E-03          -525.871E-06  
              300.E-03          -658.623E-06  
              320.E-03          -704.595E-06  
              340.E-03          -739.646E-06  
              360.E-03          -937.814E-06  
              380.E-03            -1.00889E-03
              400.E-03            -1.05354E-03
              420.E-03            -1.17599E-03
              440.E-03            -1.34931E-03
              460.E-03            -1.40833E-03
              480.E-03            -1.45026E-03
              500.E-03            -1.72084E-03
              520.E-03            -1.80183E-03
              540.E-03            -1.84898E-03
              560.E-03            -2.02617E-03
              580.E-03            -2.21278E-03
              600.E-03            -2.2702E-03 
              620.E-03            -2.30833E-03
              640.E-03            -2.64674E-03
              660.E-03            -2.71641E-03
              680.E-03            -2.74859E-03
              700.E-03            -2.98534E-03
              720.E-03            -3.1522E-03 
              740.E-03            -3.18738E-03
              760.E-03            -3.23072E-03
              780.E-03            -3.58333E-03
              800.E-03            -3.62052E-03
              820.E-03            -3.61581E-03
              840.E-03            -3.89221E-03
              860.E-03            -4.01399E-03
              880.E-03            -3.99075E-03
              900.E-03            -4.00796E-03
              920.E-03            -4.32091E-03
              940.E-03            -4.2455E-03 
              960.E-03            -4.10414E-03
              980.E-03            -4.3475E-03 
                1.                -4.28542E-03
                1.                -4.28542E-03
                1.02              -2.72309E-03
                1.04              -1.21345E-03
                1.06             222.075E-06  
                1.08               1.51926E-03
                1.1                2.61629E-03
                1.12               3.44492E-03
                1.14               3.60033E-03
                1.16               3.60032E-03
                1.18               3.60033E-03
                1.2                3.60033E-03
                1.22               3.60033E-03
                1.24               3.60033E-03
                1.26               3.60033E-03
                1.28               3.60033E-03
                1.3                3.60033E-03
                1.32               3.60033E-03
                1.34               3.60033E-03
                1.36               3.60033E-03
                1.38               3.60033E-03
                1.4                3.60033E-03
                1.42               3.60033E-03
                1.44               3.60033E-03
                1.46               3.60033E-03
                1.48               3.60033E-03
                1.5                3.60033E-03
                1.52               3.60033E-03
                1.54               3.60033E-03
                1.56               3.60033E-03
                1.58               3.60033E-03
                1.6                3.60033E-03
                1.62               3.60033E-03
                1.64               3.60033E-03
                1.66               3.60033E-03
                1.68               3.60033E-03
                1.7                3.60033E-03
                1.72               3.60033E-03
                1.74               3.60033E-03
                1.76               3.60033E-03
                1.78               3.60033E-03
                1.8                3.60033E-03
                1.82               3.60033E-03
                1.84               3.60033E-03
                1.86               3.60033E-03
                1.88               3.60033E-03
                1.9                3.60033E-03
                1.92               3.60033E-03
                1.94               3.60033E-03
                1.96               3.60033E-03
                1.98               3.60033E-03
                2.                 3.60033E-03





                  X               XYData-2           XYData-3           XYData-4           XYData-5           XYData-6           XYData-7           XYData-8    

                0.                 0.                 0.                -0.                 0.                 0.                 0.                 0.         
               20.E-03             0.                 0.              -298.898E-33         -3.33517E-03       -3.33517E-03        4.45961E-33        0.         
               40.E-03             0.                 4.53294E-09      -28.0561E-06        -6.67033E-03       -6.67033E-03       10.0764E-33        10.6918E-09 
               60.E-03             0.               101.878E-09        -53.8303E-06       -10.0055E-03       -10.0055E-03        25.1215E-33        45.8118E-09 
               80.E-03             0.               265.12E-09        -124.927E-06        -13.3407E-03       -13.3407E-03        50.0762E-33       134.007E-09  
              100.E-03             0.               643.984E-09       -155.493E-06        -16.6758E-03       -16.6758E-03        50.6738E-33       215.824E-09  
              120.E-03             0.                 1.12267E-06     -271.315E-06        -20.011E-03        -20.011E-03         51.4533E-33       428.215E-09  
              140.E-03             0.                 1.86139E-06     -352.197E-06        -23.3462E-03       -23.3462E-03        69.1778E-33       664.138E-09  
              160.E-03             0.                 2.88878E-06     -463.545E-06        -26.6813E-03       -26.6813E-03        76.2249E-33       975.136E-09  
              180.E-03             0.                 4.10895E-06     -614.893E-06        -30.0165E-03       -30.0165E-03        92.5434E-33         1.44884E-06
              200.E-03             0.                 5.90019E-06     -706.994E-06        -33.3517E-03       -33.3517E-03       121.493E-33          1.84008E-06
              220.E-03             0.                 7.7948E-06      -919.411E-06        -36.6868E-03       -36.6868E-03       145.427E-33          2.58145E-06
              240.E-03             0.                10.3582E-06        -1.04156E-03      -40.022E-03        -40.022E-03        178.669E-33          3.2154E-06 
              260.E-03             0.                13.2222E-06        -1.26503E-03      -43.3572E-03       -43.3572E-03       211.335E-33          4.1596E-06 
              280.E-03             0.                16.5314E-06        -1.48484E-03      -46.6923E-03       -46.6923E-03       263.568E-33          5.28168E-06
              300.E-03             0.                20.7162E-06        -1.65794E-03      -50.0275E-03       -50.0275E-03       322.067E-33          6.29762E-06
              320.E-03             0.                25.0167E-06        -1.95941E-03      -53.3627E-03       -53.3627E-03       368.407E-33          7.88894E-06
              340.E-03             0.                30.537E-06         -2.11901E-03      -56.6978E-03       -56.6978E-03       393.79E-33           9.11266E-06
              360.E-03             0.                36.1313E-06        -2.46997E-03      -60.033E-03        -60.033E-03        460.247E-33         11.1169E-06 
              380.E-03             0.                42.6436E-06        -2.74162E-03      -63.3682E-03       -63.3682E-03       490.53E-33          13.1066E-06 
              400.E-03             0.                50.1617E-06        -3.01411E-03      -66.7033E-03       -66.7033E-03       556.86E-33          15.1264E-06 
              420.E-03             0.                57.9189E-06        -3.39039E-03      -70.0385E-03       -70.0385E-03       628.594E-33         17.8403E-06 
              440.E-03             0.                67.416E-06         -3.6093E-03       -73.3737E-03       -73.3737E-03       705.779E-33         19.9616E-06 
              460.E-03             0.                76.7147E-06        -4.06937E-03      -76.7088E-03       -76.7088E-03       796.868E-33         23.353E-06  
              480.E-03             0.                87.6527E-06        -4.36581E-03      -80.044E-03        -80.044E-03        879.826E-33         26.2942E-06 
              500.E-03             0.                99.2987E-06        -4.76953E-03      -83.3792E-03       -83.3792E-03         1.00194E-30       29.801E-06  
              520.E-03             0.               111.617E-06         -5.20173E-03      -86.7143E-03       -86.7143E-03         1.08277E-30       33.8403E-06 
              540.E-03             0.               125.944E-06         -5.51501E-03      -90.0495E-03       -90.0495E-03         1.17601E-30       37.3045E-06 
              560.E-03             0.               140.03E-06          -6.0534E-03       -93.3847E-03       -93.3847E-03         1.25173E-30       42.2966E-06 
              580.E-03             0.               156.633E-06         -6.36381E-03      -96.7198E-03       -96.7198E-03         1.38106E-30       46.2588E-06 
              600.E-03             0.               173.146E-06         -6.92513E-03     -100.055E-03       -100.055E-03          1.43938E-30       51.8063E-06 
              620.E-03             0.               191.232E-06         -7.3906E-03      -103.39E-03        -103.39E-03           1.55906E-30       57.2852E-06 
              640.E-03             0.               211.219E-06         -7.82226E-03     -106.725E-03       -106.725E-03          1.67948E-30       62.562E-06  
              660.E-03             0.               231.193E-06         -8.4233E-03      -110.061E-03       -110.061E-03          1.78682E-30       69.37E-06   
              680.E-03             0.               254.509E-06         -8.76896E-03     -113.396E-03       -113.396E-03          1.90249E-30       74.6313E-06 
              700.E-03             0.               276.801E-06         -9.47668E-03     -116.731E-03       -116.731E-03          2.02677E-30       82.6169E-06 
              720.E-03             0.               301.992E-06         -9.94861E-03     -120.066E-03       -120.066E-03          2.20299E-30       89.5166E-06 
              740.E-03             0.               328.328E-06        -10.5296E-03      -123.401E-03       -123.401E-03          2.29681E-30       97.1988E-06 
              760.E-03             0.               355.391E-06        -11.1712E-03      -126.736E-03       -126.736E-03          2.34857E-30      105.937E-06  
              780.E-03             0.               385.907E-06        -11.626E-03       -130.071E-03       -130.071E-03          2.47399E-30      113.313E-06  
              800.E-03             0.               415.404E-06        -12.3995E-03      -133.407E-03       -133.407E-03          2.64243E-30      123.592E-06  
              820.E-03             0.               449.071E-06        -12.8618E-03      -136.742E-03       -136.742E-03          2.82174E-30      131.82E-06   
              840.E-03             0.               482.252E-06        -13.6321E-03      -140.077E-03       -140.077E-03          2.99349E-30      142.669E-06  
              860.E-03             0.               517.711E-06        -14.2899E-03      -143.412E-03       -143.412E-03          3.17048E-30      153.343E-06  
              880.E-03             0.               556.122E-06        -14.8821E-03      -146.747E-03       -146.747E-03          3.32953E-30      163.422E-06  
              900.E-03             0.               593.973E-06        -15.7075E-03      -150.083E-03       -150.083E-03          3.48143E-30      176.17E-06   
              920.E-03             0.               637.215E-06        -16.1806E-03      -153.418E-03       -153.418E-03          3.70774E-30      185.968E-06  
              940.E-03             0.               678.068E-06        -17.1355E-03      -156.753E-03       -156.753E-03          3.76759E-30      200.489E-06  
              960.E-03             0.               723.386E-06        -17.7826E-03      -160.088E-03       -160.088E-03          3.97648E-30      212.979E-06  
              980.E-03             0.               770.299E-06        -18.5407E-03      -163.423E-03       -163.423E-03          4.13364E-30      226.451E-06  
                1.                 0.               817.829E-06        -19.391E-03       -166.758E-03       -166.758E-03          4.30537E-30      241.671E-06  
                1.                 0.               817.829E-06        -19.391E-03       -166.758E-03       -166.758E-03          4.30537E-30      241.671E-06  
                1.02               0.               817.869E-06        -15.6511E-03      -163.423E-03       -163.423E-03          4.1034E-30       183.385E-06  
                1.04               0.               817.921E-06        -11.9933E-03      -160.088E-03       -160.088E-03          3.92329E-30      137.375E-06  
                1.06               0.               818.001E-06         -8.50405E-03     -156.753E-03       -156.753E-03          3.72512E-30      103.264E-06  




