
                       X       CPRESS_n1       CPRESS_n4

           0.0000000E+00   0.0000000E+00   0.0000000E+00
           2.0000000E-02   0.0000000E+00   0.0000000E+00
           3.9999999E-02   2.5105396E-02   0.0000000E+00
           5.9999999E-02   2.9336115E-02   0.0000000E+00
           7.9999998E-02   3.1737734E-02   0.0000000E+00
           1.0000000E-01   2.9115301E-02   0.0000000E+00
           1.2000000E-01   2.9072853E-02   0.0000000E+00
           1.4000000E-01   2.9953737E-02   0.0000000E+00
           1.6000000E-01   2.7628956E-02   0.0000000E+00
           1.8000001E-01   2.7373897E-02   0.0000000E+00
           2.0000000E-01   2.7770933E-02   0.0000000E+00
           2.2000000E-01   2.6638119E-02   0.0000000E+00
           2.3999999E-01   2.7033852E-02   0.0000000E+00
           2.5999999E-01   2.7256411E-02   0.0000000E+00
           2.8000000E-01   2.7221851E-02   0.0000000E+00
           3.0000001E-01   2.6938643E-02   0.0000000E+00
           3.1999999E-01   2.7348425E-02   0.0000000E+00
           3.4000000E-01   2.7621007E-02   0.0000000E+00
           3.6000001E-01   2.7042016E-02   0.0000000E+00
           3.8000000E-01   2.7409676E-02   0.0000000E+00
           4.0000001E-01   2.7760463E-02   0.0000000E+00
           4.1999999E-01   2.7638784E-02   0.0000000E+00
           4.4000000E-01   2.7570326E-02   0.0000000E+00
           4.6000001E-01   2.7955428E-02   0.0000000E+00
           4.7999999E-01   2.8264262E-02   0.0000000E+00
           5.0000000E-01   2.7723273E-02   0.0000000E+00
           5.1999998E-01   2.8083172E-02   0.0000000E+00
           5.4000002E-01   2.8399456E-02   0.0000000E+00
           5.6000000E-01   2.8182743E-02   0.0000000E+00
           5.7999998E-01   2.8228445E-02   0.0000000E+00
           6.0000002E-01   2.8526047E-02   0.0000000E+00
           6.2000000E-01   2.8789189E-02   0.0000000E+00
           6.3999999E-01   2.8318152E-02   0.0000000E+00
           6.6000003E-01   2.8598266E-02   0.0000000E+00
           6.8000001E-01   2.8818248E-02   0.0000000E+00
           6.9999999E-01   2.8550560E-02   0.0000000E+00
           7.2000003E-01   2.8640404E-02   0.0000000E+00
           7.4000001E-01   2.8867777E-02   0.0000000E+00
           7.5999999E-01   2.8990505E-02   0.0000000E+00
           7.7999997E-01   2.8674781E-02   0.0000000E+00
           8.0000001E-01   2.8871054E-02   0.0000000E+00
           8.1999999E-01   2.9052699E-02   0.0000000E+00
           8.3999997E-01   2.8771855E-02   0.0000000E+00
           8.6000001E-01   2.8871855E-02   0.0000000E+00
           8.8000000E-01   2.9045586E-02   0.0000000E+00
           8.9999998E-01   2.9086204E-02   0.0000000E+00
           9.2000002E-01   2.8862832E-02   0.0000000E+00
           9.4000000E-01   2.9027535E-02   0.0000000E+00
           9.5999998E-01   2.9176971E-02   0.0000000E+00
           9.8000002E-01   2.8911518E-02   0.0000000E+00
           1.0000000E+00   2.9005857E-02   0.0000000E+00
           1.0000000E+00   2.9005857E-02   0.0000000E+00
           1.0200000E+00   2.4605662E-02   0.0000000E+00
           1.0400000E+00   2.0097403E-02   0.0000000E+00
           1.0599999E+00   1.5432466E-02   0.0000000E+00
           1.0800000E+00   1.0426592E-02   0.0000000E+00
           1.1000000E+00   5.6264414E-03   0.0000000E+00
           1.1200000E+00   1.3265117E-03   0.0000000E+00
           1.1400000E+00   0.0000000E+00   0.0000000E+00
           1.1600000E+00   0.0000000E+00   0.0000000E+00
           1.1800001E+00   0.0000000E+00   0.0000000E+00
           1.2000000E+00   0.0000000E+00   0.0000000E+00
           1.2200000E+00   0.0000000E+00   0.0000000E+00
           1.2400000E+00   0.0000000E+00   0.0000000E+00
           1.2600000E+00   0.0000000E+00   0.0000000E+00
           1.2800000E+00   0.0000000E+00   0.0000000E+00
           1.3000000E+00   0.0000000E+00   0.0000000E+00
           1.3199999E+00   0.0000000E+00   0.0000000E+00
           1.3400000E+00   0.0000000E+00   0.0000000E+00
           1.3600000E+00   0.0000000E+00   0.0000000E+00
           1.3800000E+00   0.0000000E+00   0.0000000E+00
           1.4000000E+00   0.0000000E+00   0.0000000E+00
           1.4200000E+00   0.0000000E+00   0.0000000E+00
           1.4400001E+00   0.0000000E+00   0.0000000E+00
           1.4600000E+00   0.0000000E+00   0.0000000E+00
           1.4800000E+00   0.0000000E+00   0.0000000E+00
           1.5000000E+00   0.0000000E+00   0.0000000E+00
           1.5200000E+00   0.0000000E+00   0.0000000E+00
           1.5400000E+00   0.0000000E+00   0.0000000E+00
           1.5599999E+00   0.0000000E+00   0.0000000E+00
           1.5799999E+00   0.0000000E+00   0.0000000E+00
           1.6000000E+00   0.0000000E+00   0.0000000E+00
           1.6200000E+00   0.0000000E+00   0.0000000E+00
           1.6400000E+00   0.0000000E+00   0.0000000E+00
           1.6600001E+00   0.0000000E+00   0.0000000E+00
           1.6800001E+00   0.0000000E+00   0.0000000E+00
           1.7000000E+00   0.0000000E+00   0.0000000E+00
           1.7200000E+00   0.0000000E+00   0.0000000E+00
           1.7400000E+00   0.0000000E+00   0.0000000E+00
           1.7600000E+00   0.0000000E+00   0.0000000E+00
           1.7800000E+00   0.0000000E+00   0.0000000E+00
           1.8000000E+00   0.0000000E+00   0.0000000E+00
           1.8199999E+00   0.0000000E+00   0.0000000E+00
           1.8399999E+00   0.0000000E+00   0.0000000E+00
           1.8600000E+00   0.0000000E+00   0.0000000E+00
           1.8800000E+00   0.0000000E+00   0.0000000E+00
           1.9000000E+00   0.0000000E+00   0.0000000E+00
           1.9200001E+00   0.0000000E+00   0.0000000E+00
           1.9400001E+00   0.0000000E+00   0.0000000E+00
           1.9600000E+00   0.0000000E+00   0.0000000E+00
           1.9800000E+00   0.0000000E+00   0.0000000E+00
           2.0000000E+00   0.0000000E+00   0.0000000E+00




